2024-11-02T21:06:32,408 [main] INFO  (ConfigurationReader.java:19) - Loading the property file...
2024-11-02T21:06:32,416 [main] INFO  (ConfigurationReader.java:57) - Getting the property key {browserType} from the property file
2024-11-02T21:06:32,417 [main] INFO  (Driver.java:26) - Getting a driver instance
2024-11-02T21:06:32,418 [main] INFO  (Driver.java:54) - Starting a Chrome browser
2024-11-02T21:06:35,393 [main] INFO  (ConfigurationReader.java:19) - Loading the property file...
2024-11-02T21:06:35,401 [main] INFO  (ConfigurationReader.java:57) - Getting the property key {browserType} from the property file
2024-11-02T21:06:35,402 [main] INFO  (Driver.java:26) - Getting a driver instance
2024-11-02T21:06:35,402 [main] INFO  (Driver.java:54) - Starting a Chrome browser
2024-11-02T21:06:42,173 [main] INFO  (ConfigurationReader.java:57) - Getting the property key {browserType} from the property file
2024-11-02T21:06:42,173 [main] INFO  (Driver.java:26) - Getting a driver instance
2024-11-02T21:06:44,558 [main] INFO  (ConfigurationReader.java:57) - Getting the property key {browserType} from the property file
2024-11-02T21:06:44,558 [main] INFO  (Driver.java:26) - Getting a driver instance
2024-11-02T21:06:53,325 [main] INFO  (Driver.java:73) - Closing the browser
2024-11-02T21:06:54,790 [main] INFO  (Driver.java:73) - Closing the browser
2024-11-02T21:08:08,031 [main] INFO  (ConfigurationReader.java:19) - Loading the property file...
2024-11-02T21:08:08,039 [main] INFO  (ConfigurationReader.java:57) - Getting the property key {browserType} from the property file
2024-11-02T21:08:08,039 [main] INFO  (Driver.java:26) - Getting a driver instance
2024-11-02T21:08:08,039 [main] INFO  (Driver.java:31) - Starting a firefox browser
2024-11-02T21:08:09,912 [main] INFO  (ConfigurationReader.java:57) - Getting the property key {browserType} from the property file
2024-11-02T21:08:09,913 [main] INFO  (Driver.java:26) - Getting a driver instance
2024-11-02T21:08:09,913 [main] INFO  (Driver.java:31) - Starting a firefox browser
2024-11-02T21:08:18,318 [main] INFO  (Driver.java:73) - Closing the browser
2024-11-02T21:08:47,620 [main] INFO  (ConfigurationReader.java:19) - Loading the property file...
2024-11-02T21:08:47,630 [main] INFO  (ConfigurationReader.java:57) - Getting the property key {browserType} from the property file
2024-11-02T21:08:47,631 [main] INFO  (Driver.java:26) - Getting a driver instance
2024-11-02T21:08:47,632 [main] INFO  (Driver.java:54) - Starting a Chrome browser
2024-11-02T21:08:56,314 [main] INFO  (ConfigurationReader.java:57) - Getting the property key {browserType} from the property file
2024-11-02T21:08:56,314 [main] INFO  (Driver.java:26) - Getting a driver instance
2024-11-02T21:09:07,672 [main] INFO  (Driver.java:73) - Closing the browser
2024-11-02T21:12:47,922 [main] INFO  (ConfigurationReader.java:19) - Loading the property file...
2024-11-02T21:12:47,936 [main] INFO  (ConfigurationReader.java:57) - Getting the property key {browserType} from the property file
2024-11-02T21:12:47,937 [main] INFO  (Driver.java:26) - Getting a driver instance
2024-11-02T21:12:47,938 [main] INFO  (Driver.java:54) - Starting a Chrome browser
2024-11-02T21:12:56,145 [main] INFO  (ConfigurationReader.java:57) - Getting the property key {browserType} from the property file
2024-11-02T21:12:56,146 [main] INFO  (Driver.java:26) - Getting a driver instance
2024-11-02T21:13:07,235 [main] INFO  (Driver.java:73) - Closing the browser
2024-11-02T21:20:02,542 [main] INFO  (ConfigurationReader.java:19) - Loading the property file...
2024-11-02T21:20:02,547 [main] INFO  (ConfigurationReader.java:57) - Getting the property key {browserType} from the property file
2024-11-02T21:20:02,548 [main] INFO  (Driver.java:26) - Getting a driver instance
2024-11-02T21:20:02,548 [main] INFO  (Driver.java:54) - Starting a Chrome browser
2024-11-02T21:20:15,083 [main] INFO  (ConfigurationReader.java:19) - Loading the property file...
2024-11-02T21:20:15,091 [main] INFO  (ConfigurationReader.java:57) - Getting the property key {browserType} from the property file
2024-11-02T21:20:15,092 [main] INFO  (Driver.java:26) - Getting a driver instance
2024-11-02T21:20:15,092 [main] INFO  (Driver.java:54) - Starting a Chrome browser
2024-11-02T21:20:22,790 [main] INFO  (ConfigurationReader.java:57) - Getting the property key {browserType} from the property file
2024-11-02T21:20:22,790 [main] INFO  (Driver.java:26) - Getting a driver instance
2024-11-02T21:20:34,639 [main] INFO  (ConfigurationReader.java:57) - Getting the property key {browserType} from the property file
2024-11-02T21:20:34,640 [main] INFO  (Driver.java:26) - Getting a driver instance
2024-11-02T21:20:39,761 [main] INFO  (Driver.java:73) - Closing the browser
2024-11-02T21:26:38,604 [main] INFO  (ConfigurationReader.java:19) - Loading the property file...
2024-11-02T21:26:38,609 [main] INFO  (ConfigurationReader.java:57) - Getting the property key {browserType} from the property file
2024-11-02T21:26:38,610 [main] INFO  (Driver.java:26) - Getting a driver instance
2024-11-02T21:26:38,610 [main] INFO  (Driver.java:54) - Starting a Chrome browser
2024-11-02T21:26:46,930 [main] INFO  (ConfigurationReader.java:57) - Getting the property key {browserType} from the property file
2024-11-02T21:26:46,931 [main] INFO  (Driver.java:26) - Getting a driver instance
2024-11-02T21:26:58,266 [main] INFO  (Driver.java:73) - Closing the browser
2024-11-02T21:30:32,569 [main] INFO  (ConfigurationReader.java:19) - Loading the property file...
2024-11-02T21:30:32,579 [main] INFO  (ConfigurationReader.java:57) - Getting the property key {browserType} from the property file
2024-11-02T21:30:32,580 [main] INFO  (Driver.java:26) - Getting a driver instance
2024-11-02T21:30:32,580 [main] INFO  (Driver.java:54) - Starting a Chrome browser
2024-11-02T21:30:40,267 [main] INFO  (ConfigurationReader.java:57) - Getting the property key {browserType} from the property file
2024-11-02T21:30:40,267 [main] INFO  (Driver.java:26) - Getting a driver instance
2024-11-02T21:30:51,997 [main] INFO  (Driver.java:73) - Closing the browser
2024-11-02T21:43:08,840 [main] INFO  (Driver.java:73) - Closing the browser
2024-11-02T21:45:36,798 [main] INFO  (Driver.java:73) - Closing the browser
2024-11-02T21:51:19,748 [main] INFO  (ConfigurationReader.java:19) - Loading the property file...
2024-11-02T21:51:19,754 [main] INFO  (ConfigurationReader.java:57) - Getting the property key {browserType} from the property file
2024-11-02T21:51:19,755 [main] INFO  (Driver.java:26) - Getting a driver instance
2024-11-02T21:51:19,755 [main] INFO  (Driver.java:54) - Starting a Chrome browser
2024-11-02T21:51:27,855 [main] INFO  (ConfigurationReader.java:57) - Getting the property key {browserType} from the property file
2024-11-02T21:51:27,855 [main] INFO  (Driver.java:26) - Getting a driver instance
2024-11-02T21:51:38,933 [main] INFO  (ConfigurationReader.java:57) - Getting the property key {browserType} from the property file
2024-11-02T21:51:38,934 [main] INFO  (Driver.java:26) - Getting a driver instance
2024-11-02T21:51:44,048 [main] INFO  (Driver.java:73) - Closing the browser
